Converted column 'id' to UInt16
Converted column 'r' to Float32
Converted column 'x0' to Float32
Converted column 'y0' to Float32
Converted column 'xf' to Float32
Converted column 'yf' to Float32
Converted column 'mass' to Float32
Converted column 'Δx' to Float32
Converted column 'Δy' to Float32
Converted column 'Δr' to Float32
Converted column 'dx' to Float32
Converted column 'dy' to Float32
Converted column 'dr' to Float32
Converted column 'height_strat' to UInt8
Converted column 'perturb_strengh' to Float32
Converted column 'perturb_x' to Float32
Converted column 'perturb_y' to Float32
Converted column 'id' to UInt16
Converted column 'r' to Float32
Converted column 'x0' to Float32
Converted column 'y0' to Float32
Converted column 'xf' to Float32
Converted column 'yf' to Float32
Converted column 'mass' to Float32
Converted column 'Δx' to Float32
Converted column 'Δy' to Float32
Converted column 'Δr' to Float32
Converted column 'dx' to Float32
Converted column 'dy' to Float32
Converted column 'dr' to Float32
Converted column 'height_strat' to UInt8
Converted column 'perturb_strengh' to Float32
Converted column 'perturb_x' to Float32
Converted column 'perturb_y' to Float32
Converted column 'id' to UInt16
Converted column 'r' to Float32
Converted column 'x0' to Float32
Converted column 'y0' to Float32
Converted column 'xf' to Float32
Converted column 'yf' to Float32
Converted column 'mass' to Float32
Converted column 'Δx' to Float32
Converted column 'Δy' to Float32
Converted column 'Δr' to Float32
Converted column 'dx' to Float32
Converted column 'dy' to Float32
Converted column 'dr' to Float32
Converted column 'height_strat' to UInt8
Converted column 'perturb_strengh' to Float32
Converted column 'perturb_x' to Float32
Converted column 'perturb_y' to Float32
Converted column 'id' to UInt16
Converted column 'r' to Float32
Converted column 'x0' to Float32
Converted column 'y0' to Float32
Converted column 'xf' to Float32
Converted column 'yf' to Float32
Converted column 'mass' to Float32
Converted column 'Δx' to Float32
Converted column 'Δy' to Float32
Converted column 'Δr' to Float32
Converted column 'dx' to Float32
Converted column 'dy' to Float32
Converted column 'dr' to Float32
Converted column 'height_strat' to UInt8
Converted column 'perturb_strengh' to Float32
Converted column 'perturb_x' to Float32
Converted column 'perturb_y' to Float32
Converted column 'id' to UInt16
Converted column 'r' to Float32
Converted column 'x0' to Float32
Converted column 'y0' to Float32
Converted column 'xf' to Float32
Converted column 'yf' to Float32
Converted column 'mass' to Float32
Converted column 'Δx' to Float32
Converted column 'Δy' to Float32
Converted column 'Δr' to Float32
Converted column 'dx' to Float32
Converted column 'dy' to Float32
Converted column 'dr' to Float32
Converted column 'height_strat' to UInt8
Converted column 'perturb_strengh' to Float32
Converted column 'perturb_x' to Float32
Converted column 'perturb_y' to Float32
Converted column 'id' to UInt16
Converted column 'r' to Float32
Converted column 'x0' to Float32
Converted column 'y0' to Float32
Converted column 'xf' to Float32
Converted column 'yf' to Float32
Converted column 'mass' to Float32
Converted column 'Δx' to Float32
Converted column 'Δy' to Float32
Converted column 'Δr' to Float32
Converted column 'dx' to Float32
Converted column 'dy' to Float32
Converted column 'dr' to Float32
Converted column 'height_strat' to UInt8
Converted column 'perturb_strengh' to Float32
Converted column 'perturb_x' to Float32
Converted column 'perturb_y' to Float32
Converted column 'id' to UInt16
Converted column 'r' to Float32
Converted column 'x0' to Float32
Converted column 'y0' to Float32
Converted column 'xf' to Float32
Converted column 'yf' to Float32
Converted column 'mass' to Float32
Converted column 'Δx' to Float32
Converted column 'Δy' to Float32
Converted column 'Δr' to Float32
Converted column 'dx' to Float32
Converted column 'dy' to Float32
Converted column 'dr' to Float32
Converted column 'height_strat' to UInt8
Converted column 'perturb_strengh' to Float32
Converted column 'perturb_x' to Float32
Converted column 'perturb_y' to Float32
Converted column 'id' to UInt16
Converted column 'r' to Float32
Converted column 'x0' to Float32
Converted column 'y0' to Float32
Converted column 'xf' to Float32
Converted column 'yf' to Float32
Converted column 'mass' to Float32
Converted column 'Δx' to Float32
Converted column 'Δy' to Float32
Converted column 'Δr' to Float32
Converted column 'dx' to Float32
Converted column 'dy' to Float32
Converted column 'dr' to Float32
Converted column 'height_strat' to UInt8
Converted column 'perturb_strengh' to Float32
Converted column 'perturb_x' to Float32
Converted column 'perturb_y' to Float32
Converted column 'id' to UInt16
Converted column 'r' to Float32
Converted column 'x0' to Float32
Converted column 'y0' to Float32
Converted column 'xf' to Float32
Converted column 'yf' to Float32
Converted column 'mass' to Float32
Converted column 'Δx' to Float32
Converted column 'Δy' to Float32
Converted column 'Δr' to Float32
Converted column 'dx' to Float32
Converted column 'dy' to Float32
Converted column 'dr' to Float32
Converted column 'height_strat' to UInt8
Converted column 'perturb_strengh' to Float32
Converted column 'perturb_x' to Float32
Converted column 'perturb_y' to Float32
Converted column 'id' to UInt16
Converted column 'r' to Float32
Converted column 'x0' to Float32
Converted column 'y0' to Float32
Converted column 'xf' to Float32
Converted column 'yf' to Float32
Converted column 'mass' to Float32
Converted column 'Δx' to Float32
Converted column 'Δy' to Float32
Converted column 'Δr' to Float32
Converted column 'dx' to Float32
Converted column 'dy' to Float32
Converted column 'dr' to Float32
Converted column 'height_strat' to UInt8
Converted column 'perturb_strengh' to Float32
Converted column 'perturb_x' to Float32
Converted column 'perturb_y' to Float32
Converted column 'id' to UInt16
Converted column 'r' to Float32
Converted column 'x0' to Float32
Converted column 'y0' to Float32
Converted column 'xf' to Float32
Converted column 'yf' to Float32
Converted column 'mass' to Float32
Converted column 'Δx' to Float32
Converted column 'Δy' to Float32
Converted column 'Δr' to Float32
Converted column 'dx' to Float32
Converted column 'dy' to Float32
Converted column 'dr' to Float32
Converted column 'height_strat' to UInt8
Converted column 'perturb_strengh' to Float32
Converted column 'perturb_x' to Float32
Converted column 'perturb_y' to Float32
Converted column 'id' to UInt16
Converted column 'r' to Float32
Converted column 'x0' to Float32
Converted column 'y0' to Float32
Converted column 'xf' to Float32
Converted column 'yf' to Float32
Converted column 'mass' to Float32
Converted column 'Δx' to Float32
Converted column 'Δy' to Float32
Converted column 'Δr' to Float32
Converted column 'dx' to Float32
Converted column 'dy' to Float32
Converted column 'dr' to Float32
Converted column 'height_strat' to UInt8
Converted column 'perturb_strengh' to Float32
Converted column 'perturb_x' to Float32
Converted column 'perturb_y' to Float32
Converted column 'id' to UInt16
Converted column 'r' to Float32
Converted column 'x0' to Float32
Converted column 'y0' to Float32
Converted column 'xf' to Float32
Converted column 'yf' to Float32
Converted column 'mass' to Float32
Converted column 'Δx' to Float32
Converted column 'Δy' to Float32
Converted column 'Δr' to Float32
Converted column 'dx' to Float32
Converted column 'dy' to Float32
Converted column 'dr' to Float32
Converted column 'height_strat' to UInt8
Converted column 'perturb_strengh' to Float32
Converted column 'perturb_x' to Float32
Converted column 'perturb_y' to Float32
Converted column 'id' to UInt16
Converted column 'r' to Float32
Converted column 'x0' to Float32
Converted column 'y0' to Float32
Converted column 'xf' to Float32
Converted column 'yf' to Float32
Converted column 'mass' to Float32
Converted column 'Δx' to Float32
Converted column 'Δy' to Float32
Converted column 'Δr' to Float32
Converted column 'dx' to Float32
Converted column 'dy' to Float32
Converted column 'dr' to Float32
Converted column 'height_strat' to UInt8
Converted column 'perturb_strengh' to Float32
Converted column 'perturb_x' to Float32
Converted column 'perturb_y' to Float32
Converted column 'id' to UInt16
Converted column 'r' to Float32
Converted column 'x0' to Float32
Converted column 'y0' to Float32
Converted column 'xf' to Float32
Converted column 'yf' to Float32
Converted column 'mass' to Float32
Converted column 'Δx' to Float32
Converted column 'Δy' to Float32
Converted column 'Δr' to Float32
Converted column 'dx' to Float32
Converted column 'dy' to Float32
Converted column 'dr' to Float32
Converted column 'height_strat' to UInt8
Converted column 'perturb_strengh' to Float32
Converted column 'perturb_x' to Float32
Converted column 'perturb_y' to Float32
Converted column 'id' to UInt16
Converted column 'r' to Float32
Converted column 'x0' to Float32
Converted column 'y0' to Float32
Converted column 'xf' to Float32
Converted column 'yf' to Float32
Converted column 'mass' to Float32
Converted column 'Δx' to Float32
Converted column 'Δy' to Float32
Converted column 'Δr' to Float32
Converted column 'dx' to Float32
Converted column 'dy' to Float32
Converted column 'dr' to Float32
Converted column 'height_strat' to UInt8
Converted column 'perturb_strengh' to Float32
Converted column 'perturb_x' to Float32
Converted column 'perturb_y' to Float32
Converted column 'id' to UInt16
Converted column 'r' to Float32
Converted column 'x0' to Float32
Converted column 'y0' to Float32
Converted column 'xf' to Float32
Converted column 'yf' to Float32
Converted column 'mass' to Float32
Converted column 'Δx' to Float32
Converted column 'Δy' to Float32
Converted column 'Δr' to Float32
Converted column 'dx' to Float32
Converted column 'dy' to Float32
Converted column 'dr' to Float32
Converted column 'height_strat' to UInt8
Converted column 'perturb_strengh' to Float32
Converted column 'perturb_x' to Float32
Converted column 'perturb_y' to Float32
Converted column 'id' to UInt16
Converted column 'r' to Float32
Converted column 'x0' to Float32
Converted column 'y0' to Float32
Converted column 'xf' to Float32
Converted column 'yf' to Float32
Converted column 'mass' to Float32
Converted column 'Δx' to Float32
Converted column 'Δy' to Float32
Converted column 'Δr' to Float32
Converted column 'dx' to Float32
Converted column 'dy' to Float32
Converted column 'dr' to Float32
Converted column 'height_strat' to UInt8
Converted column 'perturb_strengh' to Float32
Converted column 'perturb_x' to Float32
Converted column 'perturb_y' to Float32
Converted column 'id' to UInt16
Converted column 'r' to Float32
Converted column 'x0' to Float32
Converted column 'y0' to Float32
Converted column 'xf' to Float32
Converted column 'yf' to Float32
Converted column 'mass' to Float32
Converted column 'Δx' to Float32
Converted column 'Δy' to Float32
Converted column 'Δr' to Float32
Converted column 'dx' to Float32
Converted column 'dy' to Float32
Converted column 'dr' to Float32
Converted column 'height_strat' to UInt8
Converted column 'perturb_strengh' to Float32
Converted column 'perturb_x' to Float32
Converted column 'perturb_y' to Float32
Converted column 'id' to UInt16
Converted column 'r' to Float32
Converted column 'x0' to Float32
Converted column 'y0' to Float32
Converted column 'xf' to Float32
Converted column 'yf' to Float32
Converted column 'mass' to Float32
Converted column 'Δx' to Float32
Converted column 'Δy' to Float32
Converted column 'Δr' to Float32
Converted column 'dx' to Float32
Converted column 'dy' to Float32
Converted column 'dr' to Float32
Converted column 'height_strat' to UInt8
Converted column 'perturb_strengh' to Float32
Converted column 'perturb_x' to Float32
Converted column 'perturb_y' to Float32
Converted column 'id' to UInt16
Converted column 'r' to Float32
Converted column 'x0' to Float32
Converted column 'y0' to Float32
Converted column 'xf' to Float32
Converted column 'yf' to Float32
Converted column 'mass' to Float32
Converted column 'Δx' to Float32
Converted column 'Δy' to Float32
Converted column 'Δr' to Float32
Converted column 'dx' to Float32
Converted column 'dy' to Float32
Converted column 'dr' to Float32
Converted column 'height_strat' to UInt8
Converted column 'perturb_strengh' to Float32
Converted column 'perturb_x' to Float32
Converted column 'perturb_y' to Float32
Converted column 'id' to UInt16
Converted column 'r' to Float32
Converted column 'x0' to Float32
Converted column 'y0' to Float32
Converted column 'xf' to Float32
Converted column 'yf' to Float32
Converted column 'mass' to Float32
Converted column 'Δx' to Float32
Converted column 'Δy' to Float32
Converted column 'Δr' to Float32
Converted column 'dx' to Float32
Converted column 'dy' to Float32
Converted column 'dr' to Float32
Converted column 'height_strat' to UInt8
Converted column 'perturb_strengh' to Float32
Converted column 'perturb_x' to Float32
Converted column 'perturb_y' to Float32
Converted column 'id' to UInt16
Converted column 'r' to Float32
Converted column 'x0' to Float32
Converted column 'y0' to Float32
Converted column 'xf' to Float32
Converted column 'yf' to Float32
Converted column 'mass' to Float32
Converted column 'Δx' to Float32
Converted column 'Δy' to Float32
Converted column 'Δr' to Float32
Converted column 'dx' to Float32
Converted column 'dy' to Float32
Converted column 'dr' to Float32
Converted column 'height_strat' to UInt8
Converted column 'perturb_strengh' to Float32
Converted column 'perturb_x' to Float32
Converted column 'perturb_y' to Float32
Converted column 'id' to UInt16
Converted column 'r' to Float32
Converted column 'x0' to Float32
Converted column 'y0' to Float32
Converted column 'xf' to Float32
Converted column 'yf' to Float32
Converted column 'mass' to Float32
Converted column 'Δx' to Float32
Converted column 'Δy' to Float32
Converted column 'Δr' to Float32
Converted column 'dx' to Float32
Converted column 'dy' to Float32
Converted column 'dr' to Float32
Converted column 'height_strat' to UInt8
Converted column 'perturb_strengh' to Float32
Converted column 'perturb_x' to Float32
Converted column 'perturb_y' to Float32
Converted column 'id' to UInt16
Converted column 'r' to Float32
Converted column 'x0' to Float32
Converted column 'y0' to Float32
Converted column 'xf' to Float32
Converted column 'yf' to Float32
Converted column 'mass' to Float32
Converted column 'Δx' to Float32
Converted column 'Δy' to Float32
Converted column 'Δr' to Float32
Converted column 'dx' to Float32
Converted column 'dy' to Float32
Converted column 'dr' to Float32
Converted column 'height_strat' to UInt8
Converted column 'perturb_strengh' to Float32
Converted column 'perturb_x' to Float32
Converted column 'perturb_y' to Float32
Converted column 'id' to UInt16
Converted column 'r' to Float32
Converted column 'x0' to Float32
Converted column 'y0' to Float32
Converted column 'xf' to Float32
Converted column 'yf' to Float32
Converted column 'mass' to Float32
Converted column 'Δx' to Float32
Converted column 'Δy' to Float32
Converted column 'Δr' to Float32
Converted column 'dx' to Float32
Converted column 'dy' to Float32
Converted column 'dr' to Float32
Converted column 'height_strat' to UInt8
Converted column 'perturb_strengh' to Float32
Converted column 'perturb_x' to Float32
Converted column 'perturb_y' to Float32
Converted column 'id' to UInt16
Converted column 'r' to Float32
Converted column 'x0' to Float32
Converted column 'y0' to Float32
Converted column 'xf' to Float32
Converted column 'yf' to Float32
Converted column 'mass' to Float32
Converted column 'Δx' to Float32
Converted column 'Δy' to Float32
Converted column 'Δr' to Float32
Converted column 'dx' to Float32
Converted column 'dy' to Float32
Converted column 'dr' to Float32
Converted column 'height_strat' to UInt8
Converted column 'perturb_strengh' to Float32
Converted column 'perturb_x' to Float32
Converted column 'perturb_y' to Float32
Converted column 'id' to UInt16
Converted column 'r' to Float32
Converted column 'x0' to Float32
Converted column 'y0' to Float32
Converted column 'xf' to Float32
Converted column 'yf' to Float32
Converted column 'mass' to Float32
Converted column 'Δx' to Float32
Converted column 'Δy' to Float32
Converted column 'Δr' to Float32
Converted column 'dx' to Float32
Converted column 'dy' to Float32
Converted column 'dr' to Float32
Converted column 'height_strat' to UInt8
Converted column 'perturb_strengh' to Float32
Converted column 'perturb_x' to Float32
Converted column 'perturb_y' to Float32
Converted column 'id' to UInt16
Converted column 'r' to Float32
Converted column 'x0' to Float32
Converted column 'y0' to Float32
Converted column 'xf' to Float32
Converted column 'yf' to Float32
Converted column 'mass' to Float32
Converted column 'Δx' to Float32
Converted column 'Δy' to Float32
Converted column 'Δr' to Float32
Converted column 'dx' to Float32
Converted column 'dy' to Float32
Converted column 'dr' to Float32
Converted column 'height_strat' to UInt8
Converted column 'perturb_strengh' to Float32
Converted column 'perturb_x' to Float32
Converted column 'perturb_y' to Float32
Converted column 'id' to UInt16
Converted column 'r' to Float32
Converted column 'x0' to Float32
Converted column 'y0' to Float32
Converted column 'xf' to Float32
Converted column 'yf' to Float32
Converted column 'mass' to Float32
Converted column 'Δx' to Float32
Converted column 'Δy' to Float32
Converted column 'Δr' to Float32
Converted column 'dx' to Float32
Converted column 'dy' to Float32
Converted column 'dr' to Float32
Converted column 'height_strat' to UInt8
Converted column 'perturb_strengh' to Float32
Converted column 'perturb_x' to Float32
Converted column 'perturb_y' to Float32
